<?xml version="1.0" encoding="UTF-8"?>
<testsuite xmlns:xsi="http://www.w3.org/2001/XMLSchema-instance" xsi:noNamespaceSchemaLocation="https://maven.apache.org/surefire/maven-surefire-plugin/xsd/surefire-test-report.xsd" name="app.domain.model.CVSfilesTest" time="196.374" tests="16" errors="0" skipped="0" failures="9">
  <properties>
[...]
</properties>
  <testcase name="loadDataFileMATCPMDISC" classname="app.domain.model.CVSfilesTest" time="0.06"/>
  <testcase name="loadDataFileMATCP" classname="app.domain.model.CVSfilesTest" time="0"/>
  <testcase name="loadDataFileMDISC" classname="app.domain.model.CVSfilesTest" time="0.014"/>
  <testcase name="createNewClient1" classname="app.domain.model.CVSfilesTest" time="9.072"/>
  <testcase name="createNewClient2" classname="app.domain.model.CVSfilesTest" time="0.248"/>
  <testcase name="createNewClient3" classname="app.domain.model.CVSfilesTest" time="2.408"/>
  <testcase name="addTest1_1" classname="app.domain.model.CVSfilesTest" time="41.745">
    <failure message="expected:&lt;0&gt; but was:&lt;3849&gt;" type="java.lang.AssertionError"><![CDATA[java.lang.AssertionError: expected:<0> but was:<3849>
	at app.domain.model.CVSfilesTest.addTest1_1(CVSfilesTest.java:129)
]]></failure>
    <system-out><![CDATA[Number of registered clients: 
3849
Number of tests registered in the system: 
3019
Number of tests with result: 
1
]]></system-out>
  </testcase>
  <testcase name="addTest1_2" classname="app.domain.model.CVSfilesTest" time="27.462">
    <failure message="expected:&lt;0&gt; but was:&lt;3019&gt;" type="java.lang.AssertionError"><![CDATA[java.lang.AssertionError: expected:<0> but was:<3019>
	at app.domain.model.CVSfilesTest.addTest1_2(CVSfilesTest.java:141)
]]></failure>
    <system-out><![CDATA[Number of registered clients: 
3849
Number of tests registered in the system: 
3019
Number of tests with result: 
1
]]></system-out>
  </testcase>
  <testcase name="addTest1_3" classname="app.domain.model.CVSfilesTest" time="27.314">
    <failure message="expected:&lt;0&gt; but was:&lt;1&gt;" type="java.lang.AssertionError"><![CDATA[java.lang.AssertionError: expected:<0> but was:<1>
	at app.domain.model.CVSfilesTest.addTest1_3(CVSfilesTest.java:158)
]]></failure>
    <system-out><![CDATA[Number of registered clients: 
3849
Number of tests registered in the system: 
3019
Number of tests with result: 
1
]]></system-out>
  </testcase>
  <testcase name="addTest2_1" classname="app.domain.model.CVSfilesTest" time="14.225">
    <failure message="expected:&lt;0&gt; but was:&lt;3849&gt;" type="java.lang.AssertionError"><![CDATA[java.lang.AssertionError: expected:<0> but was:<3849>
	at app.domain.model.CVSfilesTest.addTest2_1(CVSfilesTest.java:174)
]]></failure>
    <system-out><![CDATA[Number of registered clients: 
3849
Number of tests registered in the system: 
3062
Number of tests with result: 
1
]]></system-out>
  </testcase>
  <testcase name="addTest2_2" classname="app.domain.model.CVSfilesTest" time="15.233">
    <failure message="expected:&lt;0&gt; but was:&lt;3062&gt;" type="java.lang.AssertionError"><![CDATA[java.lang.AssertionError: expected:<0> but was:<3062>
	at app.domain.model.CVSfilesTest.addTest2_2(CVSfilesTest.java:187)
]]></failure>
    <system-out><![CDATA[Number of registered clients: 
3849
Number of tests registered in the system: 
3062
Number of tests with result: 
1
]]></system-out>
  </testcase>
  <testcase name="addTest2_3" classname="app.domain.model.CVSfilesTest" time="15.601">
    <failure message="expected:&lt;0&gt; but was:&lt;1&gt;" type="java.lang.AssertionError"><![CDATA[java.lang.AssertionError: expected:<0> but was:<1>
	at app.domain.model.CVSfilesTest.addTest2_3(CVSfilesTest.java:204)
]]></failure>
    <system-out><![CDATA[Number of registered clients: 
3849
Number of tests registered in the system: 
3062
Number of tests with result: 
1
]]></system-out>
  </testcase>
  <testcase name="addTest3_1" classname="app.domain.model.CVSfilesTest" time="14.52">
    <failure message="expected:&lt;0&gt; but was:&lt;3849&gt;" type="java.lang.AssertionError"><![CDATA[java.lang.AssertionError: expected:<0> but was:<3849>
	at app.domain.model.CVSfilesTest.addTest3_1(CVSfilesTest.java:220)
]]></failure>
    <system-out><![CDATA[Number of registered clients: 
3849
Number of tests registered in the system: 
3849
Number of tests with result: 
1
]]></system-out>
  </testcase>
  <testcase name="addTest3_2" classname="app.domain.model.CVSfilesTest" time="14.013">
    <failure message="expected:&lt;0&gt; but was:&lt;3849&gt;" type="java.lang.AssertionError"><![CDATA[java.lang.AssertionError: expected:<0> but was:<3849>
	at app.domain.model.CVSfilesTest.addTest3_2(CVSfilesTest.java:232)
]]></failure>
    <system-out><![CDATA[Number of registered clients: 
3849
Number of tests registered in the system: 
3849
Number of tests with result: 
1
]]></system-out>
  </testcase>
  <testcase name="addTest3_3" classname="app.domain.model.CVSfilesTest" time="14.233">
    <failure message="expected:&lt;0&gt; but was:&lt;1&gt;" type="java.lang.AssertionError"><![CDATA[java.lang.AssertionError: expected:<0> but was:<1>
	at app.domain.model.CVSfilesTest.addTest3_3(CVSfilesTest.java:249)
]]></failure>
    <system-out><![CDATA[Number of registered clients: 
3849
Number of tests registered in the system: 
3849
Number of tests with result: 
1
]]></system-out>
  </testcase>
  <testcase name="choseOption" classname="app.domain.model.CVSfilesTest" time="0.001"/>
</testsuite>