<?xml version="1.0" encoding="UTF-8"?>
<testsuite xmlns:xsi="http://www.w3.org/2001/XMLSchema-instance" xsi:noNamespaceSchemaLocation="https://maven.apache.org/surefire/maven-surefire-plugin/xsd/surefire-test-report.xsd" name="app.domain.model.ClientTest" time="0.002" tests="15" errors="0" skipped="0" failures="0">
  <properties>
[...]
</properties>
  <testcase name="validateDateOutLimits" classname="app.domain.model.ClientTest" time="0"/>
  <testcase name="validateTIN" classname="app.domain.model.ClientTest" time="0"/>
  <testcase name="validatePhoneNumber" classname="app.domain.model.ClientTest" time="0"/>
  <testcase name="validateCitizenNumberOutLimits" classname="app.domain.model.ClientTest" time="0"/>
  <testcase name="validateGender" classname="app.domain.model.ClientTest" time="0"/>
  <testcase name="validateNameOutLimits" classname="app.domain.model.ClientTest" time="0"/>
  <testcase name="validateNameBlank" classname="app.domain.model.ClientTest" time="0"/>
  <testcase name="validateCitizenNumber" classname="app.domain.model.ClientTest" time="0"/>
  <testcase name="validateNHSNumberOutLimits" classname="app.domain.model.ClientTest" time="0"/>
  <testcase name="validateNHSNumber" classname="app.domain.model.ClientTest" time="0"/>
  <testcase name="validateGenderBlank" classname="app.domain.model.ClientTest" time="0"/>
  <testcase name="validateDate" classname="app.domain.model.ClientTest" time="0"/>
  <testcase name="validateName" classname="app.domain.model.ClientTest" time="0"/>
  <testcase name="validatePhoneNumberOutLimits" classname="app.domain.model.ClientTest" time="0"/>
  <testcase name="validateTINOutLimits" classname="app.domain.model.ClientTest" time="0"/>
</testsuite>